# JRE version: 7.0_04-b22
# Java VM: Java HotSpot(TM) Client VM (23.0-b21 mixed mode windows-x86 )
Heap
 def new generation   total 26560K, used 19767K [0x041f0000, 0x05ec0000, 0x09740000)
  eden space 23616K,  82% used [0x041f0000, 0x054effe0, 0x05900000)
  from space 2944K,  10% used [0x05be0000, 0x05c2dd70, 0x05ec0000)
  to   space 2944K,   0% used [0x05900000, 0x05900000, 0x05be0000)
 tenured generation   total 58836K, used 37111K [0x09740000, 0x0d0b5000, 0x141f0000)
   the space 58836K,  63% used [0x09740000, 0x0bb7dfa8, 0x0bb7e000, 0x0d0b5000)
 compacting perm gen  total 12288K, used 10253K [0x141f0000, 0x14df0000, 0x181f0000)
   the space 12288K,  83% used [0x141f0000, 0x14bf34e0, 0x14bf3600, 0x14df0000)
GC Heap History (10 events):
Event: 8.811 GC heap before
{Heap before GC invocations=19 (full 10):
 def new generation   total 23872K, used 21250K [0x041f0000, 0x05bd0000, 0x09740000)
  eden space 21248K, 100% used [0x041f0000, 0x056b0000, 0x056b0000)
  from space 2624K,   0% used [0x056b0000, 0x056b0ab0, 0x05940000)
  to   space 2624K,   0% used [0x05940000, 0x05940000, 0x05bd0000)
 tenured generation   total 52936K, used 36650K [0x09740000, 0x0caf2000, 0x141f0000)
   the space 52936K,  69% used [0x09740000, 0x0bb0a9d0, 0x0bb0aa00, 0x0caf2000)
 compacting perm gen  total 12288K, used 10033K [0x141f0000, 0x14df0000, 0x181f0000)
   the space 12288K,  81% used [0x141f0000, 0x14bbc4b8, 0x14bbc600, 0x14df0000)
No shared spaces configured.
Event: 8.820 GC heap after
Heap after GC invocations=20 (full 10):
 def new generation   total 23872K, used 2624K [0x041f0000, 0x05bd0000, 0x09740000)
  eden space 21248K,   0% used [0x041f0000, 0x041f0000, 0x056b0000)
  from space 2624K, 100% used [0x05940000, 0x05bd0000, 0x05bd0000)
  to   space 2624K,   0% used [0x056b0000, 0x056b0000, 0x05940000)
 tenured generation   total 52936K, used 39009K [0x09740000, 0x0caf2000, 0x141f0000)
   the space 52936K,  73% used [0x09740000, 0x0bd58428, 0x0bd58600, 0x0caf2000)
 compacting perm gen  total 12288K, used 10033K [0x141f0000, 0x14df0000, 0x181f0000)
   the space 12288K,  81% used [0x141f0000, 0x14bbc4b8, 0x14bbc600, 0x14df0000)
No shared spaces configured.
}
Event: 80.225 GC heap before
{Heap before GC invocations=20 (full 10):
 def new generation   total 23872K, used 20992K [0x041f0000, 0x05bd0000, 0x09740000)
  eden space 21248K,  86% used [0x041f0000, 0x053e03f0, 0x056b0000)
  from space 2624K, 100% used [0x05940000, 0x05bd0000, 0x05bd0000)
  to   space 2624K,   0% used [0x056b0000, 0x056b0000, 0x05940000)
 tenured generation   total 52936K, used 39009K [0x09740000, 0x0caf2000, 0x141f0000)
   the space 52936K,  73% used [0x09740000, 0x0bd58428, 0x0bd58600, 0x0caf2000)
 compacting perm gen  total 12288K, used 10186K [0x141f0000, 0x14df0000, 0x181f0000)
   the space 12288K,  82% used [0x141f0000, 0x14be2b80, 0x14be2c00, 0x14df0000)
No shared spaces configured.
Event: 80.269 GC heap after
Heap after GC invocations=21 (full 11):
 def new generation   total 26560K, used 0K [0x041f0000, 0x05ec0000, 0x09740000)
  eden space 23616K,   0% used [0x041f0000, 0x041f0000, 0x05900000)
  from space 2944K,   0% used [0x05900000, 0x05900000, 0x05be0000)
  to   space 2944K,   0% used [0x05be0000, 0x05be0000, 0x05ec0000)
 tenured generation   total 58836K, used 35299K [0x09740000, 0x0d0b5000, 0x141f0000)
   the space 58836K,  59% used [0x09740000, 0x0b9b8fc8, 0x0b9b9000, 0x0d0b5000)
 compacting perm gen  total 12288K, used 10186K [0x141f0000, 0x14df0000, 0x181f0000)
   the space 12288K,  82% used [0x141f0000, 0x14be2b80, 0x14be2c00, 0x14df0000)
No shared spaces configured.
}
Event: 160.710 GC heap before
{Heap before GC invocations=21 (full 11):
 def new generation   total 26560K, used 23616K [0x041f0000, 0x05ec0000, 0x09740000)
  eden space 23616K, 100% used [0x041f0000, 0x05900000, 0x05900000)
  from space 2944K,   0% used [0x05900000, 0x05900000, 0x05be0000)
  to   space 2944K,   0% used [0x05be0000, 0x05be0000, 0x05ec0000)
 tenured generation   total 58836K, used 35299K [0x09740000, 0x0d0b5000, 0x141f0000)
   the space 58836K,  59% used [0x09740000, 0x0b9b8fc8, 0x0b9b9000, 0x0d0b5000)
 compacting perm gen  total 12288K, used 10250K [0x141f0000, 0x14df0000, 0x181f0000)
   the space 12288K,  83% used [0x141f0000, 0x14bf2878, 0x14bf2a00, 0x14df0000)
No shared spaces configured.
Event: 160.714 GC heap after
Heap after GC invocations=22 (full 11):
 def new generation   total 26560K, used 971K [0x041f0000, 0x05ec0000, 0x09740000)
  eden space 23616K,   0% used [0x041f0000, 0x041f0000, 0x05900000)
  from space 2944K,  33% used [0x05be0000, 0x05cd2e38, 0x05ec0000)
  to   space 2944K,   0% used [0x05900000, 0x05900000, 0x05be0000)
 tenured generation   total 58836K, used 35299K [0x09740000, 0x0d0b5000, 0x141f0000)
   the space 58836K,  59% used [0x09740000, 0x0b9b8fc8, 0x0b9b9000, 0x0d0b5000)
 compacting perm gen  total 12288K, used 10250K [0x141f0000, 0x14df0000, 0x181f0000)
   the space 12288K,  83% used [0x141f0000, 0x14bf2878, 0x14bf2a00, 0x14df0000)
No shared spaces configured.
}
Event: 234.369 GC heap before
{Heap before GC invocations=22 (full 11):
 def new generation   total 26560K, used 24587K [0x041f0000, 0x05ec0000, 0x09740000)
  eden space 23616K, 100% used [0x041f0000, 0x05900000, 0x05900000)
  from space 2944K,  33% used [0x05be0000, 0x05cd2e38, 0x05ec0000)
  to   space 2944K,   0% used [0x05900000, 0x05900000, 0x05be0000)
 tenured generation   total 58836K, used 35299K [0x09740000, 0x0d0b5000, 0x141f0000)
   the space 58836K,  59% used [0x09740000, 0x0b9b8fc8, 0x0b9b9000, 0x0d0b5000)
 compacting perm gen  total 12288K, used 10250K [0x141f0000, 0x14df0000, 0x181f0000)
   the space 12288K,  83% used [0x141f0000, 0x14bf2898, 0x14bf2a00, 0x14df0000)
No shared spaces configured.
Event: 234.373 GC heap after
Heap after GC invocations=23 (full 11):
 def new generation   total 26560K, used 2237K [0x041f0000, 0x05ec0000, 0x09740000)
  eden space 23616K,   0% used [0x041f0000, 0x041f0000, 0x05900000)
  from space 2944K,  75% used [0x05900000, 0x05b2f480, 0x05be0000)
  to   space 2944K,   0% used [0x05be0000, 0x05be0000, 0x05ec0000)
 tenured generation   total 58836K, used 35299K [0x09740000, 0x0d0b5000, 0x141f0000)
   the space 58836K,  59% used [0x09740000, 0x0b9b8fc8, 0x0b9b9000, 0x0d0b5000)
 compacting perm gen  total 12288K, used 10250K [0x141f0000, 0x14df0000, 0x181f0000)
   the space 12288K,  83% used [0x141f0000, 0x14bf2898, 0x14bf2a00, 0x14df0000)
No shared spaces configured.
}
Event: 335.690 GC heap before
{Heap before GC invocations=23 (full 11):
 def new generation   total 26560K, used 25853K [0x041f0000, 0x05ec0000, 0x09740000)
  eden space 23616K, 100% used [0x041f0000, 0x05900000, 0x05900000)
  from space 2944K,  75% used [0x05900000, 0x05b2f480, 0x05be0000)
  to   space 2944K,   0% used [0x05be0000, 0x05be0000, 0x05ec0000)
 tenured generation   total 58836K, used 35299K [0x09740000, 0x0d0b5000, 0x141f0000)
   the space 58836K,  59% used [0x09740000, 0x0b9b8fc8, 0x0b9b9000, 0x0d0b5000)
 compacting perm gen  total 12288K, used 10250K [0x141f0000, 0x14df0000, 0x181f0000)
   the space 12288K,  83% used [0x141f0000, 0x14bf29d8, 0x14bf2a00, 0x14df0000)
No shared spaces configured.
Event: 335.693 GC heap after
Heap after GC invocations=24 (full 11):
 def new generation   total 26560K, used 311K [0x041f0000, 0x05ec0000, 0x09740000)
  eden space 23616K,   0% used [0x041f0000, 0x041f0000, 0x05900000)
  from space 2944K,  10% used [0x05be0000, 0x05c2dd70, 0x05ec0000)
  to   space 2944K,   0% used [0x05900000, 0x05900000, 0x05be0000)
 tenured generation   total 58836K, used 37111K [0x09740000, 0x0d0b5000, 0x141f0000)
   the space 58836K,  63% used [0x09740000, 0x0bb7dfa8, 0x0bb7e000, 0x0d0b5000)
 compacting perm gen  total 12288K, used 10250K [0x141f0000, 0x14df0000, 0x181f0000)
   the space 12288K,  83% used [0x141f0000, 0x14bf29d8, 0x14bf2a00, 0x14df0000)
No shared spaces configured.
}

